#
# There is insufficient memory for the Java Runtime Environment to continue.
# Native memory allocation (malloc) failed to allocate 1048576 bytes for AllocateHeap
# Possible reasons:
#   The system is out of physical RAM or swap space
#   In 32 bit mode, the process size limit was hit
# Possible solutions:
#   Reduce memory load on the system
#   Increase physical memory or swap space
#   Check if swap backing store is full
#   Use 64 bit Java on a 64 bit OS
#   Decrease Java heap size (-Xmx/-Xms)
#   Decrease number of Java threads
#   Decrease Java thread stack sizes (-Xss)
#   Set larger code cache with -XX:ReservedCodeCacheSize=
# This output file may be truncated or incomplete.
#
#  Out of Memory Error (memory/allocation.inline.hpp:61), pid=16196, tid=0x0000000000003ed0
#
# JRE version:  (8.0_112-b13) (build )
# Java VM: OpenJDK 64-Bit Server VM (25.112-b13 mixed mode windows-amd64 compressed oops)
# Failed to write core dump. Minidumps are not enabled by default on client versions of Windows
#

---------------  T H R E A D  ---------------

Current thread (0x000000000232a000):  JavaThread "Unknown thread" [_thread_in_vm, id=16080, stack(0x00000000023e0000,0x00000000024e0000)]

Stack: [0x00000000023e0000,0x00000000024e0000]
[error occurred during error reporting (printing stack bounds), id 0xc0000005]

Native frames: (J=compiled Java code, j=interpreted, Vv=VM code, C=native code)


---------------  P R O C E S S  ---------------

Java Threads: ( => current thread )

Other Threads:

=>0x000000000232a000 (exited) JavaThread "Unknown thread" [_thread_in_vm, id=16080, stack(0x00000000023e0000,0x00000000024e0000)]

VM state:not at safepoint (normal execution)

VM Mutex/Monitor currently owned by a thread: None

Heap:
 PSYoungGen      total 38400K, used 665K [0x00000000d5f80000, 0x00000000d8a00000, 0x0000000100000000)
  eden space 33280K, 2% used [0x00000000d5f80000,0x00000000d6026670,0x00000000d8000000)
  from space 5120K, 0% used [0x00000000d8500000,0x00000000d8500000,0x00000000d8a00000)
  to   space 5120K, 0% used [0x00000000d8000000,0x00000000d8000000,0x00000000d8500000)
 ParOldGen       total 87552K, used 0K [0x0000000081e00000, 0x0000000087380000, 0x00000000d5f80000)
  object space 87552K, 0% used [0x0000000081e00000,0x0000000081e00000,0x0000000087380000)
 Metaspace       used 783K, capacity 4480K, committed 4480K, reserved 1056768K
  class space    used 73K, capacity 384K, committed 384K, reserved 1048576K

Card table byte_map: [0x0000000011b70000,0x0000000011f70000] byte_map_base: 0x0000000011761000

Marking Bits: (ParMarkBitMap*) 0x00000000518908f0
 Begin Bits: [0x0000000012fb0000, 0x0000000014f38000)
 End Bits:   [0x0000000014f38000, 0x0000000016ec0000)

Polling page: 0x00000000005c0000

CodeCache: size=245760Kb used=328Kb max_used=328Kb free=245431Kb
 bounds [0x00000000027b0000, 0x0000000002a20000, 0x00000000117b0000]
 total_blobs=57 nmethods=0 adapters=38
 compilation: enabled

Compilation events (0 events):
No events

GC Heap History (0 events):
No events

Deoptimization events (0 events):
No events

Internal exceptions (0 events):
No events

Events (10 events):
Event: 0.024 loading class java/lang/Short
Event: 0.024 loading class java/lang/Short done
Event: 0.024 loading class java/lang/Integer
Event: 0.024 loading class java/lang/Integer done
Event: 0.024 loading class java/lang/Long
Event: 0.024 loading class java/lang/Long done
Event: 0.025 loading class java/lang/NullPointerException
Event: 0.025 loading class java/lang/NullPointerException done
Event: 0.025 loading class java/lang/ArithmeticException
Event: 0.025 loading class java/lang/ArithmeticException done


Dynamic libraries:
0x000000013f0b0000 - 0x000000013f0e1000 	C:\Program Files (x86)\JetBrains\IntelliJ IDEA 2017.1\jre64\bin\java.exe
0x0000000077630000 - 0x00000000777da000 	C:\Windows\SYSTEM32\ntdll.dll
0x0000000077510000 - 0x000000007762f000 	C:\Windows\system32\kernel32.dll
0x000007fefd390000 - 0x000007fefd3fa000 	C:\Windows\system32\KERNELBASE.dll
0x000007fefec30000 - 0x000007fefed0b000 	C:\Windows\system32\ADVAPI32.dll
0x000007feff6a0000 - 0x000007feff73f000 	C:\Windows\system32\msvcrt.dll
0x000007fefde50000 - 0x000007fefde6f000 	C:\Windows\SYSTEM32\sechost.dll
0x000007fefedb0000 - 0x000007fefeedd000 	C:\Windows\system32\RPCRT4.dll
0x0000000077410000 - 0x000000007750a000 	C:\Windows\system32\USER32.dll
0x000007feff740000 - 0x000007feff7a7000 	C:\Windows\system32\GDI32.dll
0x000007feff480000 - 0x000007feff48e000 	C:\Windows\system32\LPK.dll
0x000007feff390000 - 0x000007feff45a000 	C:\Windows\system32\USP10.dll
0x000007fefbd80000 - 0x000007fefbf74000 	C:\Windows\WinSxS\amd64_microsoft.windows.common-controls_6595b64144ccf1df_6.0.7601.18837_none_fa3b1e3d17594757\COMCTL32.dll
0x000007feff620000 - 0x000007feff691000 	C:\Windows\system32\SHLWAPI.dll
0x000007fefde70000 - 0x000007fefde9e000 	C:\Windows\system32\IMM32.DLL
0x000007fefdd30000 - 0x000007fefde39000 	C:\Windows\system32\MSCTF.dll
0x000000006d020000 - 0x000000006d0f2000 	C:\Program Files (x86)\JetBrains\IntelliJ IDEA 2017.1\jre64\bin\msvcr100.dll
0x00000000510d0000 - 0x000000005190b000 	C:\Program Files (x86)\JetBrains\IntelliJ IDEA 2017.1\jre64\bin\server\jvm.dll
0x000007fef84c0000 - 0x000007fef84c9000 	C:\Windows\system32\WSOCK32.dll
0x000007feff7b0000 - 0x000007feff7fd000 	C:\Windows\system32\WS2_32.dll
0x000007fefde40000 - 0x000007fefde48000 	C:\Windows\system32\NSI.dll
0x000007fefaf30000 - 0x000007fefaf6b000 	C:\Windows\system32\WINMM.dll
0x000007fefc460000 - 0x000007fefc46c000 	C:\Windows\system32\VERSION.dll
0x00000000777f0000 - 0x00000000777f7000 	C:\Windows\system32\PSAPI.DLL
0x000007fefbd60000 - 0x000007fefbd6f000 	C:\Program Files (x86)\JetBrains\IntelliJ IDEA 2017.1\jre64\bin\verify.dll
0x000007fefaca0000 - 0x000007fefacc9000 	C:\Program Files (x86)\JetBrains\IntelliJ IDEA 2017.1\jre64\bin\java.dll
0x000007fed40a0000 - 0x000007fed40d5000 	C:\Program Files (x86)\JetBrains\IntelliJ IDEA 2017.1\jre64\bin\jdwp.dll
0x000007fee08e0000 - 0x000007fee08e8000 	C:\Program Files (x86)\JetBrains\IntelliJ IDEA 2017.1\jre64\bin\npt.dll
0x000007fefac70000 - 0x000007fefac86000 	C:\Program Files (x86)\JetBrains\IntelliJ IDEA 2017.1\jre64\bin\zip.dll

VM Arguments:
jvm_args: -agentlib:jdwp=transport=dt_socket,server=n,suspend=y,address=63443 -Dfile.encoding=windows-1251 -Duser.country=RU -Duser.language=ru -Duser.variant 
java_command: root.TestSpringBootGradleMain
java_class_path (initial): C:\Users\Alexander\Documents\spring-boot-test\build\classes\main;C:\Users\Alexander\Documents\spring-boot-test\build\resources\main;C:\Users\Alexander\.gradle\caches\modules-2\files-2.1\org.springframework.boot\spring-boot-starter-web\1.5.1.RELEASE\8404c45cb53a05edcd0ad8fc57a5fe43462263d8\spring-boot-starter-web-1.5.1.RELEASE.jar;C:\Users\Alexander\.gradle\caches\modules-2\files-2.1\com.fasterxml.jackson.core\jackson-core\2.8.3\5e1dc37c96308851c3ff609c250dc849c4b12022\jackson-core-2.8.3.jar;C:\Users\Alexander\.gradle\caches\modules-2\files-2.1\com.fasterxml.jackson.core\jackson-databind\2.8.3\cea3788c72271d45676ce32c0665991674b24cc5\jackson-databind-2.8.3.jar;C:\Users\Alexander\.gradle\caches\modules-2\files-2.1\org.springframework.boot\spring-boot\1.5.1.RELEASE\670ebd283098aa2d8a397af84fbe6ea152a4d8fa\spring-boot-1.5.1.RELEASE.jar;C:\Users\Alexander\.gradle\caches\modules-2\files-2.1\com.fasterxml.jackson.datatype\jackson-datatype-jsr310\2.8.3\cfc4a64ecdb762d39c5d24823ed079df261562c4\jackson-datatype-jsr310-2.8.3.jar;C:\Users\Alexander\.gradle\caches\modules-2\files-2.1\org.springframework.boot\spring-boot-starter-tomcat\1.5.1.RELEASE\edf030756ec627ad4d9beb6710c3b0da77412782\spring-boot-starter-tomcat-1.5.1.RELEASE.jar;C:\Users\Alexander\.gradle\caches\modules-2\files-2.1\org.springframework.boot\spring-boot-autoconfigure\1.5.1.RELEASE\251d960da2d5adfd55cf0281fcdfa69ab525a36d\spring-boot-autoconfigure-1.5.1.RELEASE.jar;C:\Users\Alexander\.gradle\caches\modules-2\files-2.1\ch.qos.logback\logback-core\1.1.9\e05d0cb67220937c32d7b4e5a47f967605376f63\logback-core-1.1.9.jar;C:\Users\Alexander\.gradle\caches\modules-2\files-2.1\org.springframework.boot\spring-boot-starter\1.5.1.RELEASE\5fb187e6a363b9145e3f7f18130ba64e9e22dad8\spring-boot-starter-1.5.1.RELEASE.jar;C:\Users\Alexander\.gradle\caches\modules-2\files-2.1\org.springframework.boot\spring-boot-starter-logging\1.5.1.RELEASE\889d35cc87daa453a823056798a4039cd321952a\spring-boot-starter-l
Launcher Type: SUN_STANDARD

Environment Variables:



---------------  S Y S T E M  ---------------

OS: Windows 7 , 64 bit Build 7601 (6.1.7601.23418)

CPU:total 8 (4 cores per cpu, 2 threads per core) family 6 model 58 stepping 9, cmov, cx8, fxsr, mmx, sse, sse2, sse3, ssse3, sse4.1, sse4.2, popcnt, avx, aes, clmul, erms, ht, tsc, tscinvbit, tscinv

Memory: 4k page, physical 8260972k(2256540k free), swap 13891112k(4496k free)

vm_info: OpenJDK 64-Bit Server VM (25.112-b13) for windows-amd64 JRE (1.8.0_112-release-736-b13), built on Mar 16 2017 11:32:53 by "builduser" with MS VC++ 10.0 (VS2010)

time: Tue Aug 22 10:47:42 2017
elapsed time: 0 seconds (0d 0h 0m 0s)

